2024-06-18 18:29:29.935 [info] Extension host with pid 47432 started
2024-06-18 18:29:29.935 [info] Skipping acquiring lock for /home/neo/.config/Code/User/workspaceStorage/bf8c0d18caf55f258e1ba846564123cc.
2024-06-18 18:29:30.110 [info] ExtensionService#_doActivateExtension vscode.emmet, startup: false, activationEvent: 'onLanguage'
2024-06-18 18:29:30.117 [info] ExtensionService#_doActivateExtension vscode.json-language-features, startup: false, activationEvent: 'onLanguage:jsonc'
2024-06-18 18:29:30.142 [info] ExtensionService#_doActivateExtension vscode.typescript-language-features, startup: false, activationEvent: 'onLanguage:jsonc'
2024-06-18 18:29:30.659 [info] ExtensionService#_doActivateExtension vscode.git-base, startup: true, activationEvent: '*', root cause: vscode.git
2024-06-18 18:29:30.661 [info] ExtensionService#_doActivateExtension Zignd.html-css-class-completion, startup: true, activationEvent: '*'
2024-06-18 18:29:30.797 [info] ExtensionService#_doActivateExtension vscode.git, startup: true, activationEvent: '*'
2024-06-18 18:29:30.821 [info] ExtensionService#_doActivateExtension vscode.github, startup: true, activationEvent: '*'
2024-06-18 18:29:30.832 [info] ExtensionService#_doActivateExtension vscode.github-authentication, startup: false, activationEvent: 'onAuthenticationRequest:github'
2024-06-18 18:29:31.000 [info] Eager extensions activated
2024-06-18 18:29:31.030 [info] ExtensionService#_doActivateExtension vscode.debug-auto-launch, startup: false, activationEvent: 'onStartupFinished'
2024-06-18 18:29:31.032 [info] ExtensionService#_doActivateExtension vscode.merge-conflict, startup: false, activationEvent: 'onStartupFinished'
2024-06-18 18:29:31.040 [info] ExtensionService#_doActivateExtension ms-vscode.cpptools, startup: false, activationEvent: 'onStartupFinished', root cause: franneck94.vscode-c-cpp-config
2024-06-18 18:29:31.109 [info] ExtensionService#_doActivateExtension vadimcn.vscode-lldb, startup: false, activationEvent: 'onStartupFinished', root cause: franneck94.vscode-c-cpp-config
2024-06-18 18:29:31.134 [info] ExtensionService#_doActivateExtension naumovs.color-highlight, startup: false, activationEvent: 'onStartupFinished'
2024-06-18 18:29:31.402 [info] ExtensionService#_doActivateExtension franneck94.vscode-c-cpp-config, startup: false, activationEvent: 'onStartupFinished'
2024-06-18 18:45:31.714 [info] ExtensionService#_doActivateExtension vscode.css-language-features, startup: false, activationEvent: 'onLanguage:css'
2024-06-18 19:26:06.318 [info] Extension host terminating: renderer closed the MessagePort
2024-06-18 19:26:06.517 [info] Extension host with pid 47432 exiting with code 0
