2024-06-18 21:28:49.374 [info] Added views:workbench.panel.markers.view in workbench.panel.markers
2024-06-18 21:28:49.374 [info] Added views:workbench.panel.output in workbench.panel.output
2024-06-18 21:28:49.374 [info] Added views:terminal in terminal
2024-06-18 21:28:49.374 [info] Added views:outline in workbench.view.explorer
2024-06-18 21:28:49.374 [info] Added views:workbench.scm in workbench.view.scm
2024-06-18 21:28:49.374 [info] Added views:workbench.view.search in workbench.view.search
2024-06-18 21:28:49.374 [info] Added views:timeline in workbench.view.explorer
2024-06-18 21:28:49.374 [info] Added views:workbench.explorer.emptyView in workbench.view.explorer
2024-06-18 21:28:49.740 [info] Added views:workbench.debug.variablesView,workbench.debug.watchExpressionsView,workbench.debug.callStackView,workbench.debug.breakPointsView in workbench.view.debug
2024-06-18 21:28:49.921 [info] Added views:pythonEnvironments in workbench.view.extension.package-explorer
2024-06-18 21:28:50.301 [info] Added views:workbench.panel.repl.view in workbench.panel.repl
2024-06-18 21:28:50.303 [info] Removed views:workbench.debug.breakPointsView,workbench.debug.callStackView,workbench.debug.watchExpressionsView,workbench.debug.variablesView from workbench.view.debug
2024-06-18 21:28:50.303 [info] Added views:workbench.debug.welcome in workbench.view.debug
2024-06-18 21:28:50.618 [info] Added views:~remote.forwardedPorts in ~remote.forwardedPortsContainer
2024-06-18 21:42:39.657 [info] Added views:workbench.panel.markers.view in workbench.panel.markers
2024-06-18 21:42:39.657 [info] Added views:workbench.panel.output in workbench.panel.output
2024-06-18 21:42:39.657 [info] Added views:terminal in terminal
2024-06-18 21:42:39.657 [info] Added views:outline in workbench.view.explorer
2024-06-18 21:42:39.657 [info] Added views:workbench.scm in workbench.view.scm
2024-06-18 21:42:39.657 [info] Added views:workbench.view.search in workbench.view.search
2024-06-18 21:42:39.657 [info] Added views:timeline in workbench.view.explorer
2024-06-18 21:42:39.657 [info] Added views:workbench.explorer.fileView in workbench.view.explorer
2024-06-18 21:42:39.895 [info] Added views:workspaceEnvironments,pythonEnvironments in workbench.view.extension.package-explorer
2024-06-18 21:42:40.167 [info] Added views:workbench.debug.variablesView,workbench.debug.watchExpressionsView,workbench.debug.callStackView,workbench.debug.breakPointsView in workbench.view.debug
2024-06-18 21:42:40.222 [info] Added views:workbench.panel.repl.view in workbench.panel.repl
2024-06-18 21:42:40.223 [info] Removed views:workbench.debug.breakPointsView,workbench.debug.callStackView,workbench.debug.watchExpressionsView,workbench.debug.variablesView from workbench.view.debug
2024-06-18 21:42:40.224 [info] Added views:workbench.debug.welcome in workbench.view.debug
2024-06-18 21:42:40.391 [info] Added views:~remote.forwardedPorts in ~remote.forwardedPortsContainer
2024-06-18 21:55:20.622 [info] Added views:workbench.panel.markers.view in workbench.panel.markers
2024-06-18 21:55:20.622 [info] Added views:workbench.panel.output in workbench.panel.output
2024-06-18 21:55:20.622 [info] Added views:terminal in terminal
2024-06-18 21:55:20.622 [info] Added views:outline in workbench.view.explorer
2024-06-18 21:55:20.622 [info] Added views:workbench.scm in workbench.view.scm
2024-06-18 21:55:20.622 [info] Added views:workbench.view.search in workbench.view.search
2024-06-18 21:55:20.622 [info] Added views:timeline in workbench.view.explorer
2024-06-18 21:55:20.622 [info] Added views:workbench.explorer.fileView in workbench.view.explorer
2024-06-18 21:55:21.169 [info] Added views:workbench.debug.variablesView,workbench.debug.watchExpressionsView,workbench.debug.callStackView,workbench.debug.breakPointsView in workbench.view.debug
2024-06-18 21:55:21.195 [info] Added views:workbench.panel.repl.view in workbench.panel.repl
2024-06-18 21:55:21.195 [info] Removed views:workbench.debug.breakPointsView,workbench.debug.callStackView,workbench.debug.watchExpressionsView,workbench.debug.variablesView from workbench.view.debug
2024-06-18 21:55:21.196 [info] Added views:workbench.debug.welcome in workbench.view.debug
2024-06-18 21:55:21.487 [info] Added views:~remote.forwardedPorts in ~remote.forwardedPortsContainer
2024-06-18 21:55:25.728 [info] Added views:workspaceEnvironments,pythonEnvironments in workbench.view.extension.package-explorer
