2024-06-18 21:28:50.855 [info] Reading sessions from keychain...
2024-06-18 21:28:50.855 [info] Getting sessions for all scopes...
2024-06-18 21:28:50.855 [info] Got 0 sessions for ...
2024-06-18 21:28:50.855 [info] Getting sessions for user:email...
2024-06-18 21:28:50.855 [info] Got 0 sessions for user:email...
2024-06-18 21:42:40.844 [info] Reading sessions from keychain...
2024-06-18 21:42:40.844 [info] Getting sessions for all scopes...
2024-06-18 21:42:40.844 [info] Getting sessions for all scopes...
2024-06-18 21:42:40.844 [info] Got 0 sessions for ...
2024-06-18 21:42:40.844 [info] Got 0 sessions for ...
2024-06-18 21:42:40.844 [info] Getting sessions for user:email...
2024-06-18 21:42:40.844 [info] Got 0 sessions for user:email...
2024-06-18 21:55:21.607 [info] Reading sessions from keychain...
2024-06-18 21:55:21.607 [info] Getting sessions for all scopes...
2024-06-18 21:55:21.607 [info] Getting sessions for all scopes...
2024-06-18 21:55:21.607 [info] Getting sessions for user:email...
2024-06-18 21:55:21.613 [info] Got 0 sessions for ...
2024-06-18 21:55:21.613 [info] Got 0 sessions for ...
2024-06-18 21:55:21.613 [info] Got 0 sessions for user:email...
2024-06-18 21:55:27.452 [info] Getting sessions for read:user,repo,user:email,workflow...
2024-06-18 21:55:27.452 [info] Got 0 sessions for read:user,repo,user:email,workflow...
