2024-06-18 21:40:12.883 [info] Added views:workbench.panel.markers.view in workbench.panel.markers
2024-06-18 21:40:12.883 [info] Added views:workbench.panel.output in workbench.panel.output
2024-06-18 21:40:12.883 [info] Added views:terminal in terminal
2024-06-18 21:40:12.883 [info] Added views:outline in workbench.view.explorer
2024-06-18 21:40:12.883 [info] Added views:workbench.scm in workbench.view.scm
2024-06-18 21:40:12.883 [info] Added views:workbench.view.search in workbench.view.search
2024-06-18 21:40:12.883 [info] Added views:timeline in workbench.view.explorer
2024-06-18 21:40:12.883 [info] Added views:workbench.explorer.fileView in workbench.view.explorer
2024-06-18 21:40:13.382 [info] Added views:workbench.debug.variablesView,workbench.debug.watchExpressionsView,workbench.debug.callStackView,workbench.debug.breakPointsView in workbench.view.debug
2024-06-18 21:40:13.435 [info] Added views:workbench.panel.repl.view in workbench.panel.repl
2024-06-18 21:40:13.437 [info] Removed views:workbench.debug.breakPointsView,workbench.debug.callStackView,workbench.debug.watchExpressionsView,workbench.debug.variablesView from workbench.view.debug
2024-06-18 21:40:13.437 [info] Added views:workbench.debug.welcome in workbench.view.debug
2024-06-18 21:40:13.551 [info] Added views:~remote.forwardedPorts in ~remote.forwardedPortsContainer
2024-06-18 21:40:16.278 [info] Added views:workspaceEnvironments,pythonEnvironments in workbench.view.extension.package-explorer
2024-06-18 21:48:31.858 [info] Added views:workbench.panel.markers.view in workbench.panel.markers
2024-06-18 21:48:31.858 [info] Added views:workbench.panel.output in workbench.panel.output
2024-06-18 21:48:31.858 [info] Added views:terminal in terminal
2024-06-18 21:48:31.858 [info] Added views:outline in workbench.view.explorer
2024-06-18 21:48:31.858 [info] Added views:workbench.scm in workbench.view.scm
2024-06-18 21:48:31.858 [info] Added views:workbench.view.search in workbench.view.search
2024-06-18 21:48:31.858 [info] Added views:timeline in workbench.view.explorer
2024-06-18 21:48:31.858 [info] Added views:workbench.explorer.fileView in workbench.view.explorer
2024-06-18 21:48:32.030 [info] Added views:workbench.debug.welcome in workbench.view.debug
2024-06-18 21:48:32.260 [info] Added views:workspaceEnvironments,pythonEnvironments in workbench.view.extension.package-explorer
2024-06-18 21:48:32.514 [info] Added views:workbench.panel.repl.view in workbench.panel.repl
2024-06-18 21:48:33.448 [info] Added views:~remote.forwardedPorts in ~remote.forwardedPortsContainer
