2024-06-18 21:28:50.048 [info] Extension host with pid 2597 started
2024-06-18 21:28:50.300 [info] ExtensionService#_doActivateExtension vscode.emmet, startup: false, activationEvent: 'onLanguage'
2024-06-18 21:28:50.308 [info] ExtensionService#_doActivateExtension vscode.css-language-features, startup: false, activationEvent: 'onLanguage:css'
2024-06-18 21:28:50.631 [info] ExtensionService#_doActivateExtension vscode.github-authentication, startup: false, activationEvent: 'onAuthenticationRequest:github'
2024-06-18 21:28:50.675 [info] ExtensionService#_doActivateExtension vscode.git-base, startup: true, activationEvent: '*', root cause: vscode.git
2024-06-18 21:28:50.678 [info] ExtensionService#_doActivateExtension Zignd.html-css-class-completion, startup: true, activationEvent: '*'
2024-06-18 21:28:50.746 [info] ExtensionService#_doActivateExtension vscode.git, startup: true, activationEvent: '*'
2024-06-18 21:28:50.782 [info] ExtensionService#_doActivateExtension vscode.github, startup: true, activationEvent: '*'
2024-06-18 21:28:50.848 [info] Eager extensions activated
2024-06-18 21:28:50.905 [info] ExtensionService#_doActivateExtension vscode.debug-auto-launch, startup: false, activationEvent: 'onStartupFinished'
2024-06-18 21:28:50.908 [info] ExtensionService#_doActivateExtension vscode.merge-conflict, startup: false, activationEvent: 'onStartupFinished'
2024-06-18 21:28:50.917 [info] ExtensionService#_doActivateExtension ms-vscode.cpptools, startup: false, activationEvent: 'onStartupFinished', root cause: franneck94.vscode-c-cpp-config
2024-06-18 21:28:51.000 [info] ExtensionService#_doActivateExtension vadimcn.vscode-lldb, startup: false, activationEvent: 'onStartupFinished', root cause: franneck94.vscode-c-cpp-config
2024-06-18 21:28:51.027 [info] ExtensionService#_doActivateExtension naumovs.color-highlight, startup: false, activationEvent: 'onStartupFinished'
2024-06-18 21:28:51.432 [info] ExtensionService#_doActivateExtension franneck94.vscode-c-cpp-config, startup: false, activationEvent: 'onStartupFinished'
2024-06-18 21:42:38.187 [info] Extension host terminating: renderer closed the MessagePort
2024-06-18 21:42:38.287 [info] Extension host with pid 2597 exiting with code 0
2024-06-18 21:42:40.159 [info] Extension host with pid 5575 started
2024-06-18 21:42:40.159 [info] Skipping acquiring lock for /home/neo/.config/Code/User/workspaceStorage/25894acf53244e8210541560c55317dc.
2024-06-18 21:42:40.224 [info] ExtensionService#_doActivateExtension vscode.git-base, startup: true, activationEvent: '*', root cause: vscode.git
2024-06-18 21:42:40.227 [info] ExtensionService#_doActivateExtension Zignd.html-css-class-completion, startup: true, activationEvent: '*'
2024-06-18 21:42:40.321 [info] ExtensionService#_doActivateExtension vscode.git, startup: true, activationEvent: '*'
2024-06-18 21:42:40.353 [info] ExtensionService#_doActivateExtension vscode.github, startup: true, activationEvent: '*'
2024-06-18 21:42:40.613 [info] Eager extensions activated
2024-06-18 21:42:40.615 [info] ExtensionService#_doActivateExtension vscode.github-authentication, startup: false, activationEvent: 'onAuthenticationRequest:github'
2024-06-18 21:42:40.631 [info] ExtensionService#_doActivateExtension vscode.debug-auto-launch, startup: false, activationEvent: 'onStartupFinished'
2024-06-18 21:42:40.633 [info] ExtensionService#_doActivateExtension vscode.merge-conflict, startup: false, activationEvent: 'onStartupFinished'
2024-06-18 21:42:40.641 [info] ExtensionService#_doActivateExtension ms-vscode.cpptools, startup: false, activationEvent: 'onStartupFinished', root cause: franneck94.vscode-c-cpp-config
2024-06-18 21:42:40.729 [info] ExtensionService#_doActivateExtension vadimcn.vscode-lldb, startup: false, activationEvent: 'onStartupFinished', root cause: franneck94.vscode-c-cpp-config
2024-06-18 21:42:40.751 [info] ExtensionService#_doActivateExtension naumovs.color-highlight, startup: false, activationEvent: 'onStartupFinished'
2024-06-18 21:42:41.172 [info] ExtensionService#_doActivateExtension franneck94.vscode-c-cpp-config, startup: false, activationEvent: 'onStartupFinished'
2024-06-18 21:42:41.175 [info] ExtensionService#_doActivateExtension vscode.json-language-features, startup: false, activationEvent: 'onLanguage:jsonc'
2024-06-18 21:42:41.193 [info] ExtensionService#_doActivateExtension vscode.typescript-language-features, startup: false, activationEvent: 'onLanguage:jsonc'
2024-06-18 21:42:41.220 [info] ExtensionService#_doActivateExtension vscode.emmet, startup: false, activationEvent: 'onLanguage'
2024-06-18 21:49:30.585 [warning] Illegal argument: TextEditor(vs.editor.ICodeEditor:1,$model1)
2024-06-18 21:49:30.586 [warning] Illegal argument: TextEditor(vs.editor.ICodeEditor:1,$model1)
2024-06-18 21:49:30.586 [warning] Illegal argument: TextEditor(vs.editor.ICodeEditor:1,$model1)
2024-06-18 21:49:30.586 [warning] Illegal argument: TextEditor(vs.editor.ICodeEditor:1,$model1)
2024-06-18 21:49:30.587 [warning] Illegal argument: TextEditor(vs.editor.ICodeEditor:1,$model1)
2024-06-18 21:49:30.587 [warning] Illegal argument: TextEditor(vs.editor.ICodeEditor:1,$model1)
2024-06-18 21:49:30.588 [warning] Illegal argument: TextEditor(vs.editor.ICodeEditor:1,$model1)
2024-06-18 21:49:30.588 [warning] Illegal argument: TextEditor(vs.editor.ICodeEditor:1,$model1)
2024-06-18 21:49:30.588 [warning] Illegal argument: TextEditor(vs.editor.ICodeEditor:1,$model1)
2024-06-18 21:49:30.589 [warning] Illegal argument: TextEditor(vs.editor.ICodeEditor:1,$model1)
2024-06-18 21:49:30.589 [warning] Illegal argument: TextEditor(vs.editor.ICodeEditor:1,$model1)
2024-06-18 21:49:30.589 [warning] Illegal argument: TextEditor(vs.editor.ICodeEditor:1,$model1)
2024-06-18 21:50:20.939 [info] ExtensionService#_doActivateExtension vscode.extension-editing, startup: false, activationEvent: 'onLanguage:json'
2024-06-18 21:50:20.971 [info] ExtensionService#_doActivateExtension vscode.npm, startup: false, activationEvent: 'onLanguage:json'
2024-06-18 21:54:46.703 [info] ExtensionService#_doActivateExtension vscode.css-language-features, startup: false, activationEvent: 'onLanguage:css'
2024-06-18 21:55:19.185 [info] Extension host terminating: renderer closed the MessagePort
2024-06-18 21:55:19.394 [info] Extension host with pid 5575 exiting with code 0
2024-06-18 21:55:21.153 [info] Extension host with pid 6708 started
2024-06-18 21:55:21.153 [info] Skipping acquiring lock for /home/neo/.config/Code/User/workspaceStorage/1d33cc38569003563895f40d90d6fbc9.
2024-06-18 21:55:21.197 [info] ExtensionService#_doActivateExtension vscode.git-base, startup: true, activationEvent: '*'
2024-06-18 21:55:21.220 [info] ExtensionService#_doActivateExtension vscode.github, startup: true, activationEvent: '*'
2024-06-18 21:55:21.256 [info] Eager extensions activated
2024-06-18 21:55:21.261 [info] ExtensionService#_doActivateExtension vscode.debug-auto-launch, startup: false, activationEvent: 'onStartupFinished'
2024-06-18 21:55:21.264 [info] ExtensionService#_doActivateExtension vscode.merge-conflict, startup: false, activationEvent: 'onStartupFinished'
2024-06-18 21:55:21.276 [info] ExtensionService#_doActivateExtension naumovs.color-highlight, startup: false, activationEvent: 'onStartupFinished'
2024-06-18 21:55:21.522 [info] ExtensionService#_doActivateExtension vscode.github-authentication, startup: false, activationEvent: 'onAuthenticationRequest:github'
2024-06-18 21:55:25.806 [info] ExtensionService#_doActivateExtension vscode.git, startup: false, activationEvent: 'api', root cause: vscode.github
2024-06-18 21:55:25.857 [info] ExtensionService#_doActivateExtension ms-vscode.cpptools, startup: false, activationEvent: 'onStartupFinished', root cause: franneck94.vscode-c-cpp-config
2024-06-18 21:55:26.070 [info] ExtensionService#_doActivateExtension vadimcn.vscode-lldb, startup: false, activationEvent: 'onStartupFinished', root cause: franneck94.vscode-c-cpp-config
2024-06-18 21:55:26.117 [info] ExtensionService#_doActivateExtension Zignd.html-css-class-completion, startup: false, activationEvent: '*'
2024-06-18 21:55:26.662 [info] ExtensionService#_doActivateExtension franneck94.vscode-c-cpp-config, startup: false, activationEvent: 'onStartupFinished'
2024-06-18 21:55:27.252 [info] ExtensionService#_doActivateExtension vscode.emmet, startup: false, activationEvent: 'onLanguage'
2024-06-18 21:56:09.948 [info] ExtensionService#_doActivateExtension vscode.css-language-features, startup: false, activationEvent: 'onLanguage:css'
2024-06-18 21:56:32.624 [info] ExtensionService#_doActivateExtension vscode.json-language-features, startup: false, activationEvent: 'onLanguage:jsonc'
2024-06-18 21:56:32.658 [info] ExtensionService#_doActivateExtension vscode.typescript-language-features, startup: false, activationEvent: 'onLanguage:jsonc'
2024-06-18 22:22:06.820 [info] Extension host terminating: renderer closed the MessagePort
2024-06-18 22:22:06.955 [error] Canceled: Canceled
    at new A (/opt/visual-studio-code/resources/app/out/vs/workbench/api/node/extensionHostProcess.js:143:50615)
    at E.U (/opt/visual-studio-code/resources/app/out/vs/workbench/api/node/extensionHostProcess.js:150:6007)
    at Proxy.z.<computed>.M.charCodeAt.R.CharCode.DollarSign.z.<computed> (/opt/visual-studio-code/resources/app/out/vs/workbench/api/node/extensionHostProcess.js:150:3091)
    at h.g (/opt/visual-studio-code/resources/app/out/vs/workbench/api/node/extensionHostProcess.js:153:199937)
    at h.executeCommand (/opt/visual-studio-code/resources/app/out/vs/workbench/api/node/extensionHostProcess.js:153:199375)
    at I.registerCommand.description (/opt/visual-studio-code/resources/app/out/vs/workbench/api/node/extensionHostProcess.js:153:198699)
    at h (/opt/visual-studio-code/resources/app/out/vs/workbench/api/node/extensionHostProcess.js:153:200476)
    at h.g (/opt/visual-studio-code/resources/app/out/vs/workbench/api/node/extensionHostProcess.js:153:199468)
    at h.executeCommand (/opt/visual-studio-code/resources/app/out/vs/workbench/api/node/extensionHostProcess.js:153:199375)
    at Object.executeCommand (/opt/visual-studio-code/resources/app/out/vs/workbench/api/node/extensionHostProcess.js:163:22742)
    at n.O [as value] (/opt/visual-studio-code/resources/app/extensions/git/dist/main.js:2:945191)
    at l.y (/opt/visual-studio-code/resources/app/out/vs/workbench/api/node/extensionHostProcess.js:82:664)
    at l.z (/opt/visual-studio-code/resources/app/out/vs/workbench/api/node/extensionHostProcess.js:82:734)
    at l.fire (/opt/visual-studio-code/resources/app/out/vs/workbench/api/node/extensionHostProcess.js:82:950)
    at Object.p [as dispose] (/opt/visual-studio-code/resources/app/extensions/git/dist/main.js:2:964275)
    at /opt/visual-studio-code/resources/app/extensions/git/dist/main.js:2:970313
    at Array.forEach (<anonymous>)
    at f.dispose (/opt/visual-studio-code/resources/app/extensions/git/dist/main.js:2:970299)
    at a.<anonymous> (/opt/visual-studio-code/resources/app/out/vs/workbench/api/node/extensionHostProcess.js:151:4032)
    at a.dispose (/opt/visual-studio-code/resources/app/out/vs/workbench/api/node/extensionHostProcess.js:151:4129)
    at a.<anonymous> (/opt/visual-studio-code/resources/app/extensions/git/dist/main.js:2:947448)
    at a.dispose (/opt/visual-studio-code/resources/app/out/vs/workbench/api/node/extensionHostProcess.js:151:4129)
    at f (/opt/visual-studio-code/resources/app/out/vs/workbench/api/node/extensionHostProcess.js:30:744)
    at u.eb (/opt/visual-studio-code/resources/app/out/vs/workbench/api/node/extensionHostProcess.js:159:9991)
    at /opt/visual-studio-code/resources/app/out/vs/workbench/api/node/extensionHostProcess.js:159:7867
    at Array.map (<anonymous>)
    at u.$ (/opt/visual-studio-code/resources/app/out/vs/workbench/api/node/extensionHostProcess.js:159:7854)
    at u.terminate (/opt/visual-studio-code/resources/app/out/vs/workbench/api/node/extensionHostProcess.js:159:8127)
    at f.terminate (/opt/visual-studio-code/resources/app/out/vs/workbench/api/node/extensionHostProcess.js:163:1513)
    at t (/opt/visual-studio-code/resources/app/out/vs/workbench/api/node/extensionHostProcess.js:176:10459)
    at MessagePortMain.<anonymous> (/opt/visual-studio-code/resources/app/out/vs/workbench/api/node/extensionHostProcess.js:176:6675)
    at MessagePortMain.emit (node:events:514:28)
    at Object.MessagePortMain._internalPort.emit (node:electron/js2c/utility_init:2:2285) setContext undefined
2024-06-18 22:22:06.963 [error] Canceled: Canceled
    at new A (/opt/visual-studio-code/resources/app/out/vs/workbench/api/node/extensionHostProcess.js:143:50615)
    at E.U (/opt/visual-studio-code/resources/app/out/vs/workbench/api/node/extensionHostProcess.js:150:6007)
    at Proxy.z.<computed>.M.charCodeAt.R.CharCode.DollarSign.z.<computed> (/opt/visual-studio-code/resources/app/out/vs/workbench/api/node/extensionHostProcess.js:150:3091)
    at h.g (/opt/visual-studio-code/resources/app/out/vs/workbench/api/node/extensionHostProcess.js:153:199937)
    at h.executeCommand (/opt/visual-studio-code/resources/app/out/vs/workbench/api/node/extensionHostProcess.js:153:199375)
    at I.registerCommand.description (/opt/visual-studio-code/resources/app/out/vs/workbench/api/node/extensionHostProcess.js:153:198699)
    at h (/opt/visual-studio-code/resources/app/out/vs/workbench/api/node/extensionHostProcess.js:153:200476)
    at h.g (/opt/visual-studio-code/resources/app/out/vs/workbench/api/node/extensionHostProcess.js:153:199468)
    at h.executeCommand (/opt/visual-studio-code/resources/app/out/vs/workbench/api/node/extensionHostProcess.js:153:199375)
    at Object.executeCommand (/opt/visual-studio-code/resources/app/out/vs/workbench/api/node/extensionHostProcess.js:163:22742)
    at a.VscodeDevShareProvider.set hasGitHubRepositories [as hasGitHubRepositories] (/opt/visual-studio-code/resources/app/extensions/github/dist/extension.js:2:322969)
    at /opt/visual-studio-code/resources/app/extensions/github/dist/extension.js:2:323928
    at n.value (/opt/visual-studio-code/resources/app/extensions/git/dist/main.js:2:1050764)
    at l.y (/opt/visual-studio-code/resources/app/out/vs/workbench/api/node/extensionHostProcess.js:82:664)
    at l.z (/opt/visual-studio-code/resources/app/out/vs/workbench/api/node/extensionHostProcess.js:82:734)
    at l.fire (/opt/visual-studio-code/resources/app/out/vs/workbench/api/node/extensionHostProcess.js:82:950)
    at Object.p [as dispose] (/opt/visual-studio-code/resources/app/extensions/git/dist/main.js:2:964275)
    at /opt/visual-studio-code/resources/app/extensions/git/dist/main.js:2:970313
    at Array.forEach (<anonymous>)
    at f.dispose (/opt/visual-studio-code/resources/app/extensions/git/dist/main.js:2:970299)
    at a.<anonymous> (/opt/visual-studio-code/resources/app/out/vs/workbench/api/node/extensionHostProcess.js:151:4032)
    at a.dispose (/opt/visual-studio-code/resources/app/out/vs/workbench/api/node/extensionHostProcess.js:151:4129)
    at a.<anonymous> (/opt/visual-studio-code/resources/app/extensions/git/dist/main.js:2:947448)
    at a.dispose (/opt/visual-studio-code/resources/app/out/vs/workbench/api/node/extensionHostProcess.js:151:4129)
    at f (/opt/visual-studio-code/resources/app/out/vs/workbench/api/node/extensionHostProcess.js:30:744)
    at u.eb (/opt/visual-studio-code/resources/app/out/vs/workbench/api/node/extensionHostProcess.js:159:9991)
    at /opt/visual-studio-code/resources/app/out/vs/workbench/api/node/extensionHostProcess.js:159:7867
    at Array.map (<anonymous>)
    at u.$ (/opt/visual-studio-code/resources/app/out/vs/workbench/api/node/extensionHostProcess.js:159:7854)
    at u.terminate (/opt/visual-studio-code/resources/app/out/vs/workbench/api/node/extensionHostProcess.js:159:8127)
    at f.terminate (/opt/visual-studio-code/resources/app/out/vs/workbench/api/node/extensionHostProcess.js:163:1513)
    at t (/opt/visual-studio-code/resources/app/out/vs/workbench/api/node/extensionHostProcess.js:176:10459)
    at MessagePortMain.<anonymous> (/opt/visual-studio-code/resources/app/out/vs/workbench/api/node/extensionHostProcess.js:176:6675)
    at MessagePortMain.emit (node:events:514:28)
    at Object.MessagePortMain._internalPort.emit (node:electron/js2c/utility_init:2:2285) setContext undefined
2024-06-18 22:22:07.027 [info] Extension host with pid 6708 exiting with code 0
